mode: set
scrumlr.io/server/database/types/access_policy.go:26.65,30.34 4 1
scrumlr.io/server/database/types/access_policy.go:31.74,33.13 2 1
scrumlr.io/server/database/types/access_policy.go:35.2,35.44 1 1
scrumlr.io/server/database/types/account_type.go:31.63,35.33 4 1
scrumlr.io/server/database/types/account_type.go:36.126,38.13 2 1
scrumlr.io/server/database/types/account_type.go:40.2,40.43 1 1
scrumlr.io/server/database/types/board_reaction.go:18.62,21.16 3 0
scrumlr.io/server/database/types/board_reaction.go:21.16,23.3 1 0
scrumlr.io/server/database/types/board_reaction.go:24.2,25.30 2 0
scrumlr.io/server/database/types/board_reaction.go:26.109,28.13 2 0
scrumlr.io/server/database/types/board_reaction.go:30.2,30.45 1 0
scrumlr.io/server/database/types/board_session_request_status.go:22.91,26.47 4 1
scrumlr.io/server/database/types/board_session_request_status.go:27.110,29.13 2 1
scrumlr.io/server/database/types/board_session_request_status.go:31.2,31.59 1 1
scrumlr.io/server/database/types/color.go:20.51,23.16 3 0
scrumlr.io/server/database/types/color.go:23.16,25.3 1 0
scrumlr.io/server/database/types/color.go:26.2,27.27 2 0
scrumlr.io/server/database/types/color.go:28.131,30.13 2 0
scrumlr.io/server/database/types/color.go:32.2,32.36 1 0
scrumlr.io/server/database/types/reaction.go:20.57,23.16 3 0
scrumlr.io/server/database/types/reaction.go:23.16,25.3 1 0
scrumlr.io/server/database/types/reaction.go:26.2,27.30 2 0
scrumlr.io/server/database/types/reaction.go:28.118,30.13 2 0
scrumlr.io/server/database/types/reaction.go:32.2,32.39 1 0
scrumlr.io/server/database/types/session_role.go:22.63,26.33 4 1
scrumlr.io/server/database/types/session_role.go:27.70,29.13 2 1
scrumlr.io/server/database/types/session_role.go:31.2,31.43 1 1
scrumlr.io/server/database/types/voting_status.go:21.65,25.34 4 1
scrumlr.io/server/database/types/voting_status.go:26.44,28.13 2 1
scrumlr.io/server/database/types/voting_status.go:30.2,30.43 1 1
scrumlr.io/server/common/ctx.go:5.80,6.20 1 0
scrumlr.io/server/common/ctx.go:6.20,7.42 1 0
scrumlr.io/server/common/ctx.go:9.2,9.37 1 0
scrumlr.io/server/common/ctx.go:9.37,11.3 1 0
scrumlr.io/server/common/ctx.go:12.2,12.12 1 0
scrumlr.io/server/common/error.go:17.34,19.2 1 0
scrumlr.io/server/common/error.go:21.73,24.2 2 0
scrumlr.io/server/common/error.go:26.43,33.2 1 0
scrumlr.io/server/common/error.go:35.42,42.2 1 0
scrumlr.io/server/common/error.go:47.63,49.29 2 0
scrumlr.io/server/common/error.go:49.29,52.3 2 0
scrumlr.io/server/common/error.go:53.2,53.46 1 0
scrumlr.io/server/common/http.go:10.42,11.56 1 1
scrumlr.io/server/common/http.go:11.56,13.3 1 0
scrumlr.io/server/common/http.go:14.2,14.15 1 1
scrumlr.io/server/common/http.go:17.55,18.31 1 1
scrumlr.io/server/common/http.go:18.31,21.3 2 0
scrumlr.io/server/common/http.go:23.2,24.24 2 1
scrumlr.io/server/common/http.go:27.46,30.33 3 1
scrumlr.io/server/common/http.go:30.33,32.3 1 1
scrumlr.io/server/common/http.go:34.2,34.17 1 0
scrumlr.io/server/common/http.go:37.49,39.37 2 1
scrumlr.io/server/common/http.go:39.37,41.3 1 1
scrumlr.io/server/common/http.go:42.2,42.17 1 1
scrumlr.io/server/common/passphrase.go:14.38,17.19 3 0
scrumlr.io/server/common/passphrase.go:17.19,19.3 1 0
scrumlr.io/server/common/passphrase.go:20.2,20.18 1 0
scrumlr.io/server/common/passphrase.go:23.66,24.22 1 0
scrumlr.io/server/common/passphrase.go:24.22,26.3 1 0
scrumlr.io/server/common/passphrase.go:28.2,31.39 3 0
scrumlr.io/server/common/passphrase.go:34.58,42.2 5 0
scrumlr.io/server/api/board_reaction.go:12.78,17.48 4 0
scrumlr.io/server/api/board_reaction.go:17.48,20.3 2 0
scrumlr.io/server/api/board_reaction.go:23.2,28.27 4 0
scrumlr.io/server/api/board_session_requests.go:15.81,19.16 4 0
scrumlr.io/server/api/board_session_requests.go:19.16,22.3 2 0
scrumlr.io/server/api/board_session_requests.go:25.2,25.51 1 0
scrumlr.io/server/api/board_session_requests.go:25.51,28.3 2 0
scrumlr.io/server/api/board_session_requests.go:30.2,30.75 1 0
scrumlr.io/server/api/board_session_requests.go:30.75,33.3 2 0
scrumlr.io/server/api/board_session_requests.go:35.2,36.16 2 0
scrumlr.io/server/api/board_session_requests.go:36.16,39.3 2 0
scrumlr.io/server/api/board_session_requests.go:41.2,42.31 2 0
scrumlr.io/server/api/board_session_requests.go:45.82,50.16 4 0
scrumlr.io/server/api/board_session_requests.go:50.16,53.3 2 0
scrumlr.io/server/api/board_session_requests.go:55.2,56.32 2 0
scrumlr.io/server/api/board_session_requests.go:59.84,66.16 5 1
scrumlr.io/server/api/board_session_requests.go:66.16,69.3 2 1
scrumlr.io/server/api/board_session_requests.go:71.2,72.48 2 0
scrumlr.io/server/api/board_session_requests.go:72.48,75.3 2 0
scrumlr.io/server/api/board_session_requests.go:77.2,81.16 4 0
scrumlr.io/server/api/board_session_requests.go:81.16,85.3 3 0
scrumlr.io/server/api/board_session_requests.go:87.2,88.31 2 0
scrumlr.io/server/api/board_session_requests_listen_on_request.go:17.88,22.16 4 0
scrumlr.io/server/api/board_session_requests_listen_on_request.go:22.16,28.3 2 0
scrumlr.io/server/api/board_session_requests_listen_on_request.go:29.2,33.6 3 0
scrumlr.io/server/api/board_session_requests_listen_on_request.go:33.6,35.17 2 0
scrumlr.io/server/api/board_session_requests_listen_on_request.go:35.17,36.61 1 0
scrumlr.io/server/api/board_session_requests_listen_on_request.go:36.61,39.5 2 0
scrumlr.io/server/api/board_session_requests_listen_on_request.go:40.4,40.9 1 0
scrumlr.io/server/api/board_session_requests_listen_on_request.go:42.3,42.62 1 0
scrumlr.io/server/api/board_session_requests_listen_on_request.go:46.95,47.69 1 0
scrumlr.io/server/api/board_session_requests_listen_on_request.go:47.69,52.3 1 0
scrumlr.io/server/api/board_session_requests_listen_on_request.go:54.2,58.49 3 0
scrumlr.io/server/api/board_session_requests_listen_on_request.go:58.49,61.3 2 0
scrumlr.io/server/api/board_session_requests_listen_on_request.go:64.97,65.6 1 0
scrumlr.io/server/api/board_session_requests_listen_on_request.go:65.6,66.10 1 0
scrumlr.io/server/api/board_session_requests_listen_on_request.go:67.41,71.18 4 0
scrumlr.io/server/api/board_session_requests_listen_on_request.go:71.18,73.5 1 0
scrumlr.io/server/api/board_session_requests_listen_on_request.go:78.71,80.2 1 0
scrumlr.io/server/api/board_sessions.go:16.75,23.16 5 0
scrumlr.io/server/api/board_sessions.go:23.16,27.3 3 0
scrumlr.io/server/api/board_sessions.go:29.2,30.32 2 0
scrumlr.io/server/api/board_sessions.go:34.74,38.16 4 0
scrumlr.io/server/api/board_sessions.go:38.16,41.3 2 0
scrumlr.io/server/api/board_sessions.go:43.2,44.16 2 0
scrumlr.io/server/api/board_sessions.go:44.16,47.3 2 0
scrumlr.io/server/api/board_sessions.go:49.2,50.31 2 0
scrumlr.io/server/api/board_sessions.go:54.77,59.16 5 0
scrumlr.io/server/api/board_sessions.go:59.16,62.3 2 0
scrumlr.io/server/api/board_sessions.go:64.2,65.48 2 0
scrumlr.io/server/api/board_sessions.go:65.48,68.3 2 0
scrumlr.io/server/api/board_sessions.go:70.2,75.16 5 0
scrumlr.io/server/api/board_sessions.go:75.16,78.3 2 0
scrumlr.io/server/api/board_sessions.go:80.2,81.31 2 0
scrumlr.io/server/api/board_sessions.go:85.78,89.48 3 1
scrumlr.io/server/api/board_sessions.go:89.48,92.3 2 1
scrumlr.io/server/api/board_sessions.go:94.2,96.16 3 0
scrumlr.io/server/api/board_sessions.go:96.16,99.3 2 0
scrumlr.io/server/api/board_sessions.go:101.2,102.32 2 0
scrumlr.io/server/api/boards.go:21.70,26.48 3 1
scrumlr.io/server/api/boards.go:26.48,29.3 2 1
scrumlr.io/server/api/boards.go:31.2,34.16 3 0
scrumlr.io/server/api/boards.go:34.16,37.3 2 0
scrumlr.io/server/api/boards.go:40.2,40.23 1 0
scrumlr.io/server/api/boards.go:40.23,42.3 1 0
scrumlr.io/server/api/boards.go:42.8,44.3 1 0
scrumlr.io/server/api/boards.go:45.2,46.25 2 0
scrumlr.io/server/api/boards.go:50.70,54.16 3 0
scrumlr.io/server/api/boards.go:54.16,57.3 2 0
scrumlr.io/server/api/boards.go:59.2,60.27 2 0
scrumlr.io/server/api/boards.go:63.68,68.16 4 0
scrumlr.io/server/api/boards.go:68.16,72.3 3 0
scrumlr.io/server/api/boards.go:73.2,74.16 2 0
scrumlr.io/server/api/boards.go:74.16,78.3 3 0
scrumlr.io/server/api/boards.go:79.2,80.38 2 0
scrumlr.io/server/api/boards.go:84.67,88.75 3 0
scrumlr.io/server/api/boards.go:88.75,91.3 2 0
scrumlr.io/server/api/boards.go:93.2,94.16 2 0
scrumlr.io/server/api/boards.go:94.16,95.27 1 0
scrumlr.io/server/api/boards.go:95.27,98.4 2 0
scrumlr.io/server/api/boards.go:99.3,101.9 3 0
scrumlr.io/server/api/boards.go:104.2,105.29 2 0
scrumlr.io/server/api/boards.go:116.68,121.16 4 0
scrumlr.io/server/api/boards.go:121.16,124.3 2 0
scrumlr.io/server/api/boards.go:125.2,128.16 3 0
scrumlr.io/server/api/boards.go:128.16,132.3 3 0
scrumlr.io/server/api/boards.go:134.2,134.12 1 0
scrumlr.io/server/api/boards.go:134.12,136.17 2 0
scrumlr.io/server/api/boards.go:136.17,140.4 3 0
scrumlr.io/server/api/boards.go:142.3,142.13 1 0
scrumlr.io/server/api/boards.go:142.13,145.4 2 0
scrumlr.io/server/api/boards.go:147.3,147.24 1 0
scrumlr.io/server/api/boards.go:147.24,149.4 1 0
scrumlr.io/server/api/boards.go:149.9,151.4 1 0
scrumlr.io/server/api/boards.go:152.3,152.9 1 0
scrumlr.io/server/api/boards.go:155.2,157.16 2 0
scrumlr.io/server/api/boards.go:157.16,160.3 2 0
scrumlr.io/server/api/boards.go:162.2,162.48 1 0
scrumlr.io/server/api/boards.go:162.48,164.17 2 0
scrumlr.io/server/api/boards.go:164.17,168.4 3 0
scrumlr.io/server/api/boards.go:169.3,169.24 1 0
scrumlr.io/server/api/boards.go:169.24,171.4 1 0
scrumlr.io/server/api/boards.go:171.9,173.4 1 0
scrumlr.io/server/api/boards.go:174.3,175.9 2 0
scrumlr.io/server/api/boards.go:178.2,178.54 1 0
scrumlr.io/server/api/boards.go:178.54,181.17 3 0
scrumlr.io/server/api/boards.go:181.17,184.4 2 0
scrumlr.io/server/api/boards.go:185.3,185.28 1 0
scrumlr.io/server/api/boards.go:185.28,188.4 2 0
scrumlr.io/server/api/boards.go:189.3,190.41 2 0
scrumlr.io/server/api/boards.go:190.41,192.18 2 0
scrumlr.io/server/api/boards.go:192.18,196.5 3 0
scrumlr.io/server/api/boards.go:197.4,197.25 1 0
scrumlr.io/server/api/boards.go:197.25,199.5 1 0
scrumlr.io/server/api/boards.go:199.10,201.5 1 0
scrumlr.io/server/api/boards.go:202.4,203.10 2 0
scrumlr.io/server/api/boards.go:204.9,207.4 2 0
scrumlr.io/server/api/boards.go:210.2,210.50 1 0
scrumlr.io/server/api/boards.go:210.50,212.17 2 0
scrumlr.io/server/api/boards.go:212.17,215.4 2 0
scrumlr.io/server/api/boards.go:217.3,217.20 1 0
scrumlr.io/server/api/boards.go:217.20,218.25 1 0
scrumlr.io/server/api/boards.go:218.25,220.5 1 0
scrumlr.io/server/api/boards.go:220.10,222.5 1 0
scrumlr.io/server/api/boards.go:223.4,224.10 2 0
scrumlr.io/server/api/boards.go:227.3,228.17 2 0
scrumlr.io/server/api/boards.go:228.17,231.4 2 0
scrumlr.io/server/api/boards.go:232.3,232.24 1 0
scrumlr.io/server/api/boards.go:232.24,234.4 1 0
scrumlr.io/server/api/boards.go:234.9,236.4 1 0
scrumlr.io/server/api/boards.go:237.3,238.9 2 0
scrumlr.io/server/api/boards.go:241.2,241.38 1 0
scrumlr.io/server/api/boards.go:245.70,249.48 3 1
scrumlr.io/server/api/boards.go:249.48,252.3 2 1
scrumlr.io/server/api/boards.go:254.2,256.16 3 0
scrumlr.io/server/api/boards.go:256.16,259.3 2 0
scrumlr.io/server/api/boards.go:261.2,262.29 2 0
scrumlr.io/server/api/boards.go:265.67,269.48 3 0
scrumlr.io/server/api/boards.go:269.48,272.3 2 0
scrumlr.io/server/api/boards.go:274.2,275.16 2 0
scrumlr.io/server/api/boards.go:275.16,278.3 2 0
scrumlr.io/server/api/boards.go:280.2,281.29 2 0
scrumlr.io/server/api/boards.go:284.70,287.16 3 0
scrumlr.io/server/api/boards.go:287.16,290.3 2 0
scrumlr.io/server/api/boards.go:291.2,292.29 2 0
scrumlr.io/server/api/boards.go:295.73,298.16 3 0
scrumlr.io/server/api/boards.go:298.16,301.3 2 0
scrumlr.io/server/api/boards.go:302.2,303.29 2 0
scrumlr.io/server/api/boards.go:306.70,312.16 4 0
scrumlr.io/server/api/boards.go:312.16,315.3 2 0
scrumlr.io/server/api/boards.go:317.2,318.33 2 0
scrumlr.io/server/api/boards.go:318.33,319.21 1 0
scrumlr.io/server/api/boards.go:319.21,321.4 1 0
scrumlr.io/server/api/boards.go:324.2,325.29 2 0
scrumlr.io/server/api/boards.go:325.29,326.41 1 0
scrumlr.io/server/api/boards.go:326.41,327.41 1 0
scrumlr.io/server/api/boards.go:327.41,329.5 1 0
scrumlr.io/server/api/boards.go:333.2,333.117 1 0
scrumlr.io/server/api/boards.go:333.117,349.3 3 0
scrumlr.io/server/api/boards.go:349.8,349.49 1 0
scrumlr.io/server/api/boards.go:349.49,351.38 2 0
scrumlr.io/server/api/boards.go:351.38,352.49 1 0
scrumlr.io/server/api/boards.go:352.49,354.5 1 0
scrumlr.io/server/api/boards.go:356.3,358.37 2 0
scrumlr.io/server/api/boards.go:358.37,360.33 2 0
scrumlr.io/server/api/boards.go:360.33,362.5 1 0
scrumlr.io/server/api/boards.go:364.4,365.37 2 0
scrumlr.io/server/api/boards.go:365.37,366.39 1 0
scrumlr.io/server/api/boards.go:366.39,368.6 1 0
scrumlr.io/server/api/boards.go:371.4,372.37 2 0
scrumlr.io/server/api/boards.go:372.37,373.37 1 0
scrumlr.io/server/api/boards.go:373.37,375.6 1 0
scrumlr.io/server/api/boards.go:378.4,389.35 2 0
scrumlr.io/server/api/boards.go:389.35,390.50 1 0
scrumlr.io/server/api/boards.go:390.50,391.37 1 0
scrumlr.io/server/api/boards.go:391.37,393.7 1 0
scrumlr.io/server/api/boards.go:393.12,395.7 1 0
scrumlr.io/server/api/boards.go:399.4,399.43 1 0
scrumlr.io/server/api/boards.go:402.3,405.17 4 0
scrumlr.io/server/api/boards.go:405.17,409.4 3 0
scrumlr.io/server/api/boards.go:410.3,410.9 1 0
scrumlr.io/server/api/boards.go:413.2,414.27 2 0
scrumlr.io/server/api/boards_listen_on_board.go:40.74,45.16 4 0
scrumlr.io/server/api/boards_listen_on_board.go:45.16,51.3 2 0
scrumlr.io/server/api/boards_listen_on_board.go:53.2,54.16 2 0
scrumlr.io/server/api/boards_listen_on_board.go:54.16,58.3 3 0
scrumlr.io/server/api/boards_listen_on_board.go:60.2,78.16 5 0
scrumlr.io/server/api/boards_listen_on_board.go:78.16,82.3 3 0
scrumlr.io/server/api/boards_listen_on_board.go:84.2,85.16 2 0
scrumlr.io/server/api/boards_listen_on_board.go:85.16,87.3 1 0
scrumlr.io/server/api/boards_listen_on_board.go:88.2,92.6 3 0
scrumlr.io/server/api/boards_listen_on_board.go:92.6,94.17 2 0
scrumlr.io/server/api/boards_listen_on_board.go:94.17,95.61 1 0
scrumlr.io/server/api/boards_listen_on_board.go:95.61,99.19 4 0
scrumlr.io/server/api/boards_listen_on_board.go:99.19,101.6 1 0
scrumlr.io/server/api/boards_listen_on_board.go:103.4,103.9 1 0
scrumlr.io/server/api/boards_listen_on_board.go:105.3,105.62 1 0
scrumlr.io/server/api/boards_listen_on_board.go:109.106,110.55 1 0
scrumlr.io/server/api/boards_listen_on_board.go:110.55,114.3 1 0
scrumlr.io/server/api/boards_listen_on_board.go:116.2,125.27 8 0
scrumlr.io/server/api/boards_listen_on_board.go:125.27,128.3 2 0
scrumlr.io/server/api/boards_listen_on_board.go:131.53,132.6 1 0
scrumlr.io/server/api/boards_listen_on_board.go:132.6,133.10 1 0
scrumlr.io/server/api/boards_listen_on_board.go:134.32,136.36 2 0
scrumlr.io/server/api/boards_listen_on_board.go:136.36,139.19 3 0
scrumlr.io/server/api/boards_listen_on_board.go:139.19,141.6 1 0
scrumlr.io/server/api/boards_listen_on_board.go:147.80,150.16 3 0
scrumlr.io/server/api/boards_listen_on_board.go:150.16,152.3 1 0
scrumlr.io/server/api/columns.go:14.71,21.48 5 1
scrumlr.io/server/api/columns.go:21.48,24.3 2 1
scrumlr.io/server/api/columns.go:26.2,29.16 4 0
scrumlr.io/server/api/columns.go:29.16,33.3 3 0
scrumlr.io/server/api/columns.go:34.2,34.23 1 0
scrumlr.io/server/api/columns.go:34.23,36.3 1 0
scrumlr.io/server/api/columns.go:36.8,38.3 1 0
scrumlr.io/server/api/columns.go:39.2,40.30 2 0
scrumlr.io/server/api/columns.go:44.71,49.80 4 0
scrumlr.io/server/api/columns.go:49.80,52.3 2 0
scrumlr.io/server/api/columns.go:54.2,55.27 2 0
scrumlr.io/server/api/columns.go:59.71,64.48 4 1
scrumlr.io/server/api/columns.go:64.48,67.3 2 1
scrumlr.io/server/api/columns.go:69.2,73.16 4 0
scrumlr.io/server/api/columns.go:73.16,76.3 2 0
scrumlr.io/server/api/columns.go:78.2,79.30 2 0
scrumlr.io/server/api/columns.go:83.68,88.16 4 0
scrumlr.io/server/api/columns.go:88.16,91.3 2 0
scrumlr.io/server/api/columns.go:93.2,94.30 2 0
scrumlr.io/server/api/columns.go:98.69,104.16 4 0
scrumlr.io/server/api/columns.go:104.16,108.3 3 0
scrumlr.io/server/api/columns.go:110.2,111.31 2 0
scrumlr.io/server/api/context.go:14.72,15.71 1 0
scrumlr.io/server/api/context.go:15.71,19.17 4 0
scrumlr.io/server/api/context.go:19.17,22.4 2 0
scrumlr.io/server/api/context.go:24.3,26.17 3 0
scrumlr.io/server/api/context.go:26.17,30.4 3 0
scrumlr.io/server/api/context.go:32.3,32.14 1 0
scrumlr.io/server/api/context.go:32.14,35.4 2 0
scrumlr.io/server/api/context.go:37.3,38.49 2 0
scrumlr.io/server/api/context.go:42.74,43.71 1 1
scrumlr.io/server/api/context.go:43.71,47.17 4 1
scrumlr.io/server/api/context.go:47.17,50.4 2 0
scrumlr.io/server/api/context.go:52.3,54.17 3 1
scrumlr.io/server/api/context.go:54.17,58.4 3 0
scrumlr.io/server/api/context.go:60.3,60.14 1 1
scrumlr.io/server/api/context.go:60.14,63.4 2 0
scrumlr.io/server/api/context.go:65.3,66.17 2 1
scrumlr.io/server/api/context.go:66.17,70.4 3 0
scrumlr.io/server/api/context.go:72.3,72.13 1 1
scrumlr.io/server/api/context.go:72.13,75.4 2 0
scrumlr.io/server/api/context.go:77.3,78.49 2 1
scrumlr.io/server/api/context.go:82.72,83.71 1 0
scrumlr.io/server/api/context.go:83.71,88.17 4 0
scrumlr.io/server/api/context.go:88.17,91.4 2 0
scrumlr.io/server/api/context.go:92.3,95.17 3 0
scrumlr.io/server/api/context.go:95.17,99.4 3 0
scrumlr.io/server/api/context.go:101.3,101.14 1 0
scrumlr.io/server/api/context.go:101.14,104.4 2 0
scrumlr.io/server/api/context.go:106.3,107.49 2 0
scrumlr.io/server/api/context.go:111.71,112.71 1 1
scrumlr.io/server/api/context.go:112.71,118.17 5 1
scrumlr.io/server/api/context.go:118.17,122.4 3 0
scrumlr.io/server/api/context.go:124.3,125.17 2 1
scrumlr.io/server/api/context.go:125.17,130.4 3 0
scrumlr.io/server/api/context.go:132.3,132.39 1 1
scrumlr.io/server/api/context.go:132.39,136.4 3 0
scrumlr.io/server/api/context.go:138.3,139.50 2 1
scrumlr.io/server/api/context.go:143.64,144.71 1 0
scrumlr.io/server/api/context.go:144.71,147.17 3 0
scrumlr.io/server/api/context.go:147.17,150.4 2 0
scrumlr.io/server/api/context.go:152.3,153.50 2 0
scrumlr.io/server/api/context.go:157.62,158.71 1 1
scrumlr.io/server/api/context.go:158.71,161.17 3 1
scrumlr.io/server/api/context.go:161.17,164.4 2 0
scrumlr.io/server/api/context.go:166.3,167.50 2 1
scrumlr.io/server/api/context.go:171.66,172.71 1 0
scrumlr.io/server/api/context.go:172.71,175.17 3 0
scrumlr.io/server/api/context.go:175.17,178.4 2 0
scrumlr.io/server/api/context.go:180.3,181.52 2 0
scrumlr.io/server/api/context.go:185.64,186.71 1 0
scrumlr.io/server/api/context.go:186.71,189.17 3 0
scrumlr.io/server/api/context.go:189.17,192.4 2 0
scrumlr.io/server/api/context.go:193.3,194.50 2 0
scrumlr.io/server/api/event_filter.go:13.73,14.35 1 1
scrumlr.io/server/api/event_filter.go:14.35,15.34 1 1
scrumlr.io/server/api/event_filter.go:15.34,16.92 1 1
scrumlr.io/server/api/event_filter.go:16.92,18.5 1 1
scrumlr.io/server/api/event_filter.go:21.2,21.14 1 1
scrumlr.io/server/api/event_filter.go:24.66,28.16 3 1
scrumlr.io/server/api/event_filter.go:28.16,30.3 1 0
scrumlr.io/server/api/event_filter.go:31.2,32.16 2 1
scrumlr.io/server/api/event_filter.go:32.16,34.3 1 0
scrumlr.io/server/api/event_filter.go:35.2,35.17 1 1
scrumlr.io/server/api/event_filter.go:38.63,42.16 3 1
scrumlr.io/server/api/event_filter.go:42.16,44.3 1 0
scrumlr.io/server/api/event_filter.go:45.2,46.16 2 1
scrumlr.io/server/api/event_filter.go:46.16,48.3 1 0
scrumlr.io/server/api/event_filter.go:49.2,49.17 1 1
scrumlr.io/server/api/event_filter.go:52.62,56.16 3 1
scrumlr.io/server/api/event_filter.go:56.16,58.3 1 0
scrumlr.io/server/api/event_filter.go:59.2,60.16 2 1
scrumlr.io/server/api/event_filter.go:60.16,62.3 1 0
scrumlr.io/server/api/event_filter.go:63.2,63.17 1 1
scrumlr.io/server/api/event_filter.go:71.67,75.16 3 1
scrumlr.io/server/api/event_filter.go:75.16,77.3 1 0
scrumlr.io/server/api/event_filter.go:78.2,79.16 2 1
scrumlr.io/server/api/event_filter.go:79.16,81.3 1 0
scrumlr.io/server/api/event_filter.go:82.2,82.17 1 1
scrumlr.io/server/api/event_filter.go:85.62,87.38 2 1
scrumlr.io/server/api/event_filter.go:87.38,88.21 1 1
scrumlr.io/server/api/event_filter.go:88.21,90.4 1 1
scrumlr.io/server/api/event_filter.go:93.2,93.23 1 1
scrumlr.io/server/api/event_filter.go:96.121,98.34 2 1
scrumlr.io/server/api/event_filter.go:98.34,99.34 1 1
scrumlr.io/server/api/event_filter.go:99.34,100.61 1 1
scrumlr.io/server/api/event_filter.go:100.61,102.44 1 1
scrumlr.io/server/api/event_filter.go:102.44,104.6 1 0
scrumlr.io/server/api/event_filter.go:104.11,104.37 1 1
scrumlr.io/server/api/event_filter.go:104.37,106.6 1 1
scrumlr.io/server/api/event_filter.go:111.2,111.36 1 1
scrumlr.io/server/api/event_filter.go:111.36,112.58 1 1
scrumlr.io/server/api/event_filter.go:112.58,114.4 1 0
scrumlr.io/server/api/event_filter.go:117.2,117.21 1 1
scrumlr.io/server/api/event_filter.go:120.131,126.40 3 1
scrumlr.io/server/api/event_filter.go:126.40,132.3 2 0
scrumlr.io/server/api/event_filter.go:135.2,140.43 4 1
scrumlr.io/server/api/event_filter.go:140.43,141.56 1 1
scrumlr.io/server/api/event_filter.go:141.56,147.4 2 1
scrumlr.io/server/api/event_filter.go:149.2,154.23 4 1
scrumlr.io/server/api/event_filter.go:157.96,158.33 1 1
scrumlr.io/server/api/event_filter.go:158.33,160.3 1 0
scrumlr.io/server/api/event_filter.go:162.2,168.37 5 1
scrumlr.io/server/api/event_filter.go:168.37,169.57 1 1
scrumlr.io/server/api/event_filter.go:169.57,175.4 2 1
scrumlr.io/server/api/event_filter.go:177.2,181.23 3 1
scrumlr.io/server/api/event_filter.go:184.124,186.53 2 1
scrumlr.io/server/api/event_filter.go:186.53,188.17 2 1
scrumlr.io/server/api/event_filter.go:188.17,190.4 1 0
scrumlr.io/server/api/event_filter.go:192.3,192.12 1 1
scrumlr.io/server/api/event_filter.go:192.12,195.4 2 1
scrumlr.io/server/api/event_filter.go:197.3,203.14 3 1
scrumlr.io/server/api/event_filter.go:206.2,206.51 1 1
scrumlr.io/server/api/event_filter.go:206.51,208.17 2 1
scrumlr.io/server/api/event_filter.go:208.17,210.4 1 0
scrumlr.io/server/api/event_filter.go:212.3,212.12 1 1
scrumlr.io/server/api/event_filter.go:212.12,215.4 2 1
scrumlr.io/server/api/event_filter.go:217.3,223.14 3 1
scrumlr.io/server/api/event_filter.go:226.2,226.51 1 1
scrumlr.io/server/api/event_filter.go:226.51,228.17 2 0
scrumlr.io/server/api/event_filter.go:228.17,230.4 1 0
scrumlr.io/server/api/event_filter.go:231.3,231.12 1 0
scrumlr.io/server/api/event_filter.go:231.12,235.4 3 0
scrumlr.io/server/api/event_filter.go:236.3,236.15 1 0
scrumlr.io/server/api/event_filter.go:239.2,239.52 1 1
scrumlr.io/server/api/event_filter.go:239.52,241.17 2 1
scrumlr.io/server/api/event_filter.go:241.17,243.4 1 0
scrumlr.io/server/api/event_filter.go:244.3,244.12 1 1
scrumlr.io/server/api/event_filter.go:244.12,246.4 1 1
scrumlr.io/server/api/event_filter.go:247.3,247.55 1 1
scrumlr.io/server/api/event_filter.go:247.55,249.4 1 0
scrumlr.io/server/api/event_filter.go:251.3,256.14 3 1
scrumlr.io/server/api/event_filter.go:259.2,259.48 1 0
scrumlr.io/server/api/event_filter.go:259.48,261.17 2 0
scrumlr.io/server/api/event_filter.go:261.17,263.4 1 0
scrumlr.io/server/api/event_filter.go:265.3,265.12 1 0
scrumlr.io/server/api/event_filter.go:265.12,268.4 2 0
scrumlr.io/server/api/event_filter.go:270.3,276.14 3 0
scrumlr.io/server/api/event_filter.go:279.2,279.14 1 0
scrumlr.io/server/api/event_filter.go:282.69,284.11 2 1
scrumlr.io/server/api/event_filter.go:284.11,286.3 1 1
scrumlr.io/server/api/event_filter.go:288.2,309.37 5 1
scrumlr.io/server/api/event_filter.go:309.37,310.35 1 0
scrumlr.io/server/api/event_filter.go:310.35,311.22 1 0
scrumlr.io/server/api/event_filter.go:311.22,317.5 2 0
scrumlr.io/server/api/event_filter.go:321.2,322.39 2 1
scrumlr.io/server/api/event_filter.go:322.39,325.3 2 1
scrumlr.io/server/api/event_filter.go:327.2,332.17 5 1
scrumlr.io/server/api/feedback.go:19.65,23.34 4 0
scrumlr.io/server/api/feedback.go:24.77,26.13 2 0
scrumlr.io/server/api/feedback.go:28.2,28.44 1 0
scrumlr.io/server/api/feedback.go:37.73,39.48 2 0
scrumlr.io/server/api/feedback.go:39.48,42.3 2 0
scrumlr.io/server/api/feedback.go:43.2,43.48 1 0
scrumlr.io/server/api/feedback.go:43.48,46.3 2 0
scrumlr.io/server/api/feedback.go:47.2,47.42 1 0
scrumlr.io/server/api/feedback.go:47.42,50.3 2 0
scrumlr.io/server/api/feedback.go:51.3,51.67 1 0
scrumlr.io/server/api/feedback.go:51.67,54.4 2 0
scrumlr.io/server/api/feedback.go:55.3,55.62 1 0
scrumlr.io/server/api/feedback.go:55.62,58.4 2 0
scrumlr.io/server/api/feedback.go:59.2,61.8 3 0
scrumlr.io/server/api/health.go:9.70,13.40 3 0
scrumlr.io/server/api/health.go:13.40,17.3 3 0
scrumlr.io/server/api/health.go:18.2,20.27 3 0
scrumlr.io/server/api/info.go:16.72,20.44 3 0
scrumlr.io/server/api/info.go:20.44,22.3 1 0
scrumlr.io/server/api/info.go:23.2,23.44 1 0
scrumlr.io/server/api/info.go:23.44,25.3 1 0
scrumlr.io/server/api/info.go:26.2,26.47 1 0
scrumlr.io/server/api/info.go:26.47,28.3 1 0
scrumlr.io/server/api/info.go:29.2,29.45 1 0
scrumlr.io/server/api/info.go:29.45,31.3 1 0
scrumlr.io/server/api/info.go:32.2,32.43 1 0
scrumlr.io/server/api/info.go:32.43,34.3 1 0
scrumlr.io/server/api/info.go:36.2,38.26 2 0
scrumlr.io/server/api/info.go:38.26,40.3 1 0
scrumlr.io/server/api/info.go:40.8,42.3 1 0
scrumlr.io/server/api/info.go:44.2,45.28 2 0
scrumlr.io/server/api/login.go:26.76,30.48 3 1
scrumlr.io/server/api/login.go:30.48,33.3 2 1
scrumlr.io/server/api/login.go:35.2,36.16 2 0
scrumlr.io/server/api/login.go:36.16,40.3 3 0
scrumlr.io/server/api/login.go:42.2,43.16 2 0
scrumlr.io/server/api/login.go:43.16,47.3 3 0
scrumlr.io/server/api/login.go:49.2,54.28 5 0
scrumlr.io/server/api/login.go:57.65,62.63 4 0
scrumlr.io/server/api/login.go:62.63,67.3 4 0
scrumlr.io/server/api/login.go:69.2,70.27 2 0
scrumlr.io/server/api/login.go:74.88,76.2 1 0
scrumlr.io/server/api/login.go:79.85,82.16 3 0
scrumlr.io/server/api/login.go:82.16,86.3 3 0
scrumlr.io/server/api/login.go:88.2,90.18 3 0
scrumlr.io/server/api/login.go:91.41,92.128 1 0
scrumlr.io/server/api/login.go:93.41,94.128 1 0
scrumlr.io/server/api/login.go:95.44,96.131 1 0
scrumlr.io/server/api/login.go:97.42,98.129 1 0
scrumlr.io/server/api/login.go:99.40,100.127 1 0
scrumlr.io/server/api/login.go:102.2,102.16 1 0
scrumlr.io/server/api/login.go:102.16,106.3 3 0
scrumlr.io/server/api/login.go:108.2,115.25 7 0
scrumlr.io/server/api/login.go:115.25,118.3 2 0
scrumlr.io/server/api/login.go:119.2,119.23 1 0
scrumlr.io/server/api/login.go:119.23,121.3 1 0
scrumlr.io/server/api/login.go:121.8,123.3 1 0
scrumlr.io/server/api/login.go:124.2,124.36 1 0
scrumlr.io/server/api/notes.go:14.69,19.48 4 1
scrumlr.io/server/api/notes.go:19.48,22.3 2 1
scrumlr.io/server/api/notes.go:24.2,28.16 4 1
scrumlr.io/server/api/notes.go:28.16,31.3 2 1
scrumlr.io/server/api/notes.go:32.2,32.23 1 1
scrumlr.io/server/api/notes.go:32.23,34.3 1 0
scrumlr.io/server/api/notes.go:34.8,36.3 1 1
scrumlr.io/server/api/notes.go:37.2,38.28 2 1
scrumlr.io/server/api/notes.go:42.66,46.16 3 1
scrumlr.io/server/api/notes.go:46.16,49.3 2 1
scrumlr.io/server/api/notes.go:51.2,52.28 2 1
scrumlr.io/server/api/notes.go:56.67,60.16 3 0
scrumlr.io/server/api/notes.go:60.16,63.3 2 0
scrumlr.io/server/api/notes.go:65.2,66.29 2 0
scrumlr.io/server/api/notes.go:70.69,74.48 4 1
scrumlr.io/server/api/notes.go:74.48,77.3 2 1
scrumlr.io/server/api/notes.go:79.2,83.16 4 0
scrumlr.io/server/api/notes.go:83.16,86.3 2 0
scrumlr.io/server/api/notes.go:88.2,89.28 2 0
scrumlr.io/server/api/notes.go:93.69,96.48 3 1
scrumlr.io/server/api/notes.go:96.48,99.3 2 0
scrumlr.io/server/api/notes.go:101.2,101.64 1 1
scrumlr.io/server/api/notes.go:101.64,104.3 2 1
scrumlr.io/server/api/notes.go:106.2,107.27 2 1
scrumlr.io/server/api/reactions.go:11.70,15.16 3 0
scrumlr.io/server/api/reactions.go:15.16,18.3 2 0
scrumlr.io/server/api/reactions.go:20.2,21.32 2 0
scrumlr.io/server/api/reactions.go:24.71,28.16 3 0
scrumlr.io/server/api/reactions.go:28.16,31.3 2 0
scrumlr.io/server/api/reactions.go:33.2,34.33 2 0
scrumlr.io/server/api/reactions.go:37.73,42.48 4 0
scrumlr.io/server/api/reactions.go:42.48,45.3 2 0
scrumlr.io/server/api/reactions.go:48.2,51.16 3 0
scrumlr.io/server/api/reactions.go:51.16,54.3 2 0
scrumlr.io/server/api/reactions.go:56.2,57.32 2 0
scrumlr.io/server/api/reactions.go:60.73,65.73 4 0
scrumlr.io/server/api/reactions.go:65.73,68.3 2 0
scrumlr.io/server/api/reactions.go:70.2,71.27 2 0
scrumlr.io/server/api/reactions.go:74.73,79.48 5 0
scrumlr.io/server/api/reactions.go:79.48,82.3 2 0
scrumlr.io/server/api/reactions.go:84.2,85.16 2 0
scrumlr.io/server/api/reactions.go:85.16,88.3 2 0
scrumlr.io/server/api/reactions.go:90.2,91.32 2 0
scrumlr.io/server/api/request_builder.go:14.94,20.2 5 1
scrumlr.io/server/api/request_builder.go:22.85,26.2 3 1
scrumlr.io/server/api/request_builder.go:28.54,30.2 1 1
scrumlr.io/server/api/router.go:61.14,68.18 6 0
scrumlr.io/server/api/router.go:68.18,79.3 1 0
scrumlr.io/server/api/router.go:81.2,81.13 1 0
scrumlr.io/server/api/router.go:81.13,83.3 1 0
scrumlr.io/server/api/router.go:85.2,108.17 3 0
scrumlr.io/server/api/router.go:108.17,110.3 1 0
scrumlr.io/server/api/router.go:110.8,111.55 1 0
scrumlr.io/server/api/router.go:111.55,113.4 1 0
scrumlr.io/server/api/router.go:115.2,115.23 1 0
scrumlr.io/server/api/router.go:115.23,118.3 2 0
scrumlr.io/server/api/router.go:118.8,119.47 1 0
scrumlr.io/server/api/router.go:119.47,122.4 2 0
scrumlr.io/server/api/router.go:124.2,124.10 1 0
scrumlr.io/server/api/router.go:127.56,128.36 1 0
scrumlr.io/server/api/router.go:128.36,132.40 4 0
scrumlr.io/server/api/router.go:132.40,136.46 3 0
scrumlr.io/server/api/router.go:136.46,139.5 2 0
scrumlr.io/server/api/router.go:144.48,145.29 1 0
scrumlr.io/server/api/router.go:145.29,152.46 6 0
scrumlr.io/server/api/router.go:152.46,169.4 15 0
scrumlr.io/server/api/router.go:171.3,171.39 1 0
scrumlr.io/server/api/router.go:171.39,174.4 2 0
scrumlr.io/server/api/router.go:178.50,179.39 1 0
scrumlr.io/server/api/router.go:179.39,183.30 3 0
scrumlr.io/server/api/router.go:183.30,187.4 3 0
scrumlr.io/server/api/router.go:191.52,192.41 1 0
scrumlr.io/server/api/router.go:192.41,197.43 4 0
scrumlr.io/server/api/router.go:197.43,201.4 3 0
scrumlr.io/server/api/router.go:205.58,206.46 1 0
scrumlr.io/server/api/router.go:206.46,207.30 1 0
scrumlr.io/server/api/router.go:207.30,212.76 1 0
scrumlr.io/server/api/router.go:212.76,216.6 3 0
scrumlr.io/server/api/router.go:219.4,219.28 1 0
scrumlr.io/server/api/router.go:221.3,224.44 3 0
scrumlr.io/server/api/router.go:224.44,228.4 3 0
scrumlr.io/server/api/router.go:232.65,233.42 1 0
scrumlr.io/server/api/router.go:233.42,237.3 3 0
scrumlr.io/server/api/router.go:240.52,241.41 1 0
scrumlr.io/server/api/router.go:241.41,245.43 3 0
scrumlr.io/server/api/router.go:245.43,251.4 4 0
scrumlr.io/server/api/router.go:255.50,256.39 1 1
scrumlr.io/server/api/router.go:256.39,262.41 4 1
scrumlr.io/server/api/router.go:262.41,268.4 4 1
scrumlr.io/server/api/router.go:272.54,273.43 1 0
scrumlr.io/server/api/router.go:273.43,279.45 4 0
scrumlr.io/server/api/router.go:279.45,285.4 4 0
scrumlr.io/server/api/router.go:289.59,290.49 1 0
scrumlr.io/server/api/router.go:290.49,295.3 3 0
scrumlr.io/server/api/users.go:13.66,17.16 3 0
scrumlr.io/server/api/users.go:17.16,20.3 2 0
scrumlr.io/server/api/users.go:22.2,23.28 2 0
scrumlr.io/server/api/users.go:26.69,32.48 4 0
scrumlr.io/server/api/users.go:32.48,35.3 2 0
scrumlr.io/server/api/users.go:37.2,40.16 3 0
scrumlr.io/server/api/users.go:40.16,44.3 3 0
scrumlr.io/server/api/users.go:46.2,47.35 2 0
scrumlr.io/server/api/votes.go:15.66,22.48 5 1
scrumlr.io/server/api/votes.go:22.48,25.3 2 1
scrumlr.io/server/api/votes.go:27.2,31.16 4 1
scrumlr.io/server/api/votes.go:31.16,35.3 3 1
scrumlr.io/server/api/votes.go:37.2,38.28 2 1
scrumlr.io/server/api/votes.go:42.69,49.48 5 1
scrumlr.io/server/api/votes.go:49.48,52.3 2 1
scrumlr.io/server/api/votes.go:54.2,58.16 4 0
scrumlr.io/server/api/votes.go:58.16,62.3 3 0
scrumlr.io/server/api/votes.go:64.2,65.27 2 0
scrumlr.io/server/api/votes.go:68.67,78.23 5 0
scrumlr.io/server/api/votes.go:78.23,80.17 2 0
scrumlr.io/server/api/votes.go:80.17,83.4 2 0
scrumlr.io/server/api/votes.go:84.3,84.33 1 0
scrumlr.io/server/api/votes.go:87.2,88.21 2 0
scrumlr.io/server/api/votes.go:88.21,90.17 2 0
scrumlr.io/server/api/votes.go:90.17,93.4 2 0
scrumlr.io/server/api/votes.go:94.3,94.29 1 0
scrumlr.io/server/api/votes.go:97.2,98.16 2 0
scrumlr.io/server/api/votes.go:98.16,101.3 2 0
scrumlr.io/server/api/votes.go:103.2,104.29 2 0
scrumlr.io/server/api/votings.go:14.71,18.48 3 1
scrumlr.io/server/api/votings.go:18.48,21.3 2 0
scrumlr.io/server/api/votings.go:23.2,25.16 3 1
scrumlr.io/server/api/votings.go:25.16,28.3 2 1
scrumlr.io/server/api/votings.go:29.2,29.23 1 1
scrumlr.io/server/api/votings.go:29.23,31.3 1 0
scrumlr.io/server/api/votings.go:31.8,33.3 1 1
scrumlr.io/server/api/votings.go:35.2,36.30 2 1
scrumlr.io/server/api/votings.go:40.71,45.48 4 1
scrumlr.io/server/api/votings.go:45.48,48.3 2 1
scrumlr.io/server/api/votings.go:50.2,54.16 4 1
scrumlr.io/server/api/votings.go:54.16,57.3 2 1
scrumlr.io/server/api/votings.go:59.2,60.30 2 1
scrumlr.io/server/api/votings.go:64.68,69.16 4 1
scrumlr.io/server/api/votings.go:69.16,72.3 2 0
scrumlr.io/server/api/votings.go:74.2,75.30 2 1
scrumlr.io/server/api/votings.go:79.69,83.16 3 0
scrumlr.io/server/api/votings.go:83.16,86.3 2 0
scrumlr.io/server/api/votings.go:88.2,89.31 2 0
scrumlr.io/server/services/notes/notes.go:37.64,43.2 5 0
scrumlr.io/server/services/notes/notes.go:45.98,48.16 3 1
scrumlr.io/server/services/notes/notes.go:48.16,51.3 2 1
scrumlr.io/server/services/notes/notes.go:52.2,52.38 1 1
scrumlr.io/server/services/notes/notes.go:55.81,58.16 3 1
scrumlr.io/server/services/notes/notes.go:58.16,59.27 1 1
scrumlr.io/server/services/notes/notes.go:59.27,61.4 1 1
scrumlr.io/server/services/notes/notes.go:62.3,63.41 2 0
scrumlr.io/server/services/notes/notes.go:65.2,65.38 1 1
scrumlr.io/server/services/notes/notes.go:68.89,71.16 3 1
scrumlr.io/server/services/notes/notes.go:71.16,72.27 1 0
scrumlr.io/server/services/notes/notes.go:72.27,74.4 1 0
scrumlr.io/server/services/notes/notes.go:75.3,75.68 1 0
scrumlr.io/server/services/notes/notes.go:77.2,77.30 1 1
scrumlr.io/server/services/notes/notes.go:80.98,83.26 3 1
scrumlr.io/server/services/notes/notes.go:83.26,89.3 1 1
scrumlr.io/server/services/notes/notes.go:90.2,96.16 2 1
scrumlr.io/server/services/notes/notes.go:96.16,99.3 2 0
scrumlr.io/server/services/notes/notes.go:100.2,100.38 1 1
scrumlr.io/server/services/notes/notes.go:103.99,105.2 1 1
scrumlr.io/server/services/notes/notes.go:107.76,109.33 2 0
scrumlr.io/server/services/notes/notes.go:109.33,111.3 1 0
scrumlr.io/server/services/notes/notes.go:112.2,116.16 2 0
scrumlr.io/server/services/notes/notes.go:116.16,118.3 1 0
scrumlr.io/server/services/notes/notes.go:121.105,130.16 3 0
scrumlr.io/server/services/notes/notes.go:130.16,132.3 1 0
scrumlr.io/server/services/notes/notes.go:134.2,135.29 2 0
scrumlr.io/server/services/notes/notes.go:135.29,136.24 1 0
scrumlr.io/server/services/notes/notes.go:136.24,138.4 1 0
scrumlr.io/server/services/notes/notes.go:140.2,144.16 2 0
scrumlr.io/server/services/notes/notes.go:144.16,146.3 1 0
scrumlr.io/server/realtime/board_sessions_requests.go:18.118,21.2 2 1
scrumlr.io/server/realtime/board_sessions_requests.go:23.106,25.16 2 1
scrumlr.io/server/realtime/board_sessions_requests.go:25.16,28.3 1 0
scrumlr.io/server/realtime/board_sessions_requests.go:29.2,29.10 1 1
scrumlr.io/server/realtime/board_sessions_requests.go:32.51,34.2 1 1
scrumlr.io/server/realtime/boards.go:42.76,45.2 2 1
scrumlr.io/server/realtime/boards.go:47.70,49.16 2 1
scrumlr.io/server/realtime/boards.go:49.16,52.3 1 0
scrumlr.io/server/realtime/boards.go:53.2,53.10 1 1
scrumlr.io/server/realtime/boards.go:56.46,58.2 1 1
scrumlr.io/server/realtime/health.go:4.35,5.30 1 1
scrumlr.io/server/realtime/health.go:5.30,7.3 1 1
scrumlr.io/server/realtime/health.go:8.2,9.16 2 1
scrumlr.io/server/realtime/health.go:9.16,11.3 1 0
scrumlr.io/server/realtime/health.go:12.2,12.13 1 1
scrumlr.io/server/realtime/nats.go:14.71,16.2 1 1
scrumlr.io/server/realtime/nats.go:19.112,22.16 3 1
scrumlr.io/server/realtime/nats.go:22.16,24.3 1 0
scrumlr.io/server/realtime/nats.go:25.2,25.26 1 1
scrumlr.io/server/realtime/nats.go:29.87,32.16 3 1
scrumlr.io/server/realtime/nats.go:32.16,34.3 1 0
scrumlr.io/server/realtime/nats.go:35.2,35.26 1 1
scrumlr.io/server/realtime/nats.go:39.43,43.16 2 1
scrumlr.io/server/realtime/nats.go:43.16,45.3 1 1
scrumlr.io/server/realtime/nats.go:46.2,47.16 2 1
scrumlr.io/server/realtime/nats.go:47.16,49.3 1 0
scrumlr.io/server/realtime/nats.go:51.2,53.8 1 1
scrumlr.io/server/realtime/redis.go:12.52,14.2 1 1
scrumlr.io/server/realtime/redis.go:26.52,34.2 2 1
scrumlr.io/server/realtime/redis.go:36.53,38.16 2 1
scrumlr.io/server/realtime/redis.go:38.16,40.3 1 0
scrumlr.io/server/realtime/redis.go:41.2,41.26 1 1
scrumlr.io/server/realtime/redis.go:44.55,46.16 2 1
scrumlr.io/server/realtime/redis.go:46.16,48.3 1 0
scrumlr.io/server/realtime/redis.go:49.2,49.12 1 1
scrumlr.io/server/realtime/redis.go:52.72,54.16 2 1
scrumlr.io/server/realtime/redis.go:54.16,56.3 1 0
scrumlr.io/server/realtime/redis.go:58.2,59.16 2 1
scrumlr.io/server/realtime/redis.go:59.16,61.3 1 0
scrumlr.io/server/realtime/redis.go:62.2,62.12 1 1
scrumlr.io/server/realtime/redis.go:65.113,70.16 5 1
scrumlr.io/server/realtime/redis.go:70.16,72.3 1 0
scrumlr.io/server/realtime/redis.go:73.2,73.22 1 1
scrumlr.io/server/realtime/redis.go:74.22,77.17 3 0
scrumlr.io/server/realtime/redis.go:77.17,79.4 1 0
scrumlr.io/server/realtime/redis.go:80.10,80.10 0 1
scrumlr.io/server/realtime/redis.go:83.2,85.12 2 1
scrumlr.io/server/realtime/redis.go:85.12,86.7 1 1
scrumlr.io/server/realtime/redis.go:86.7,87.11 1 1
scrumlr.io/server/realtime/redis.go:88.20,91.19 3 1
scrumlr.io/server/realtime/redis.go:91.19,93.6 1 1
scrumlr.io/server/realtime/redis.go:94.22,95.22 1 0
scrumlr.io/server/realtime/redis.go:99.2,99.24 1 1
scrumlr.io/server/realtime/redis.go:102.88,107.16 5 1
scrumlr.io/server/realtime/redis.go:107.16,109.3 1 0
scrumlr.io/server/realtime/redis.go:110.2,110.22 1 1
scrumlr.io/server/realtime/redis.go:111.22,114.17 3 0
scrumlr.io/server/realtime/redis.go:114.17,116.4 1 0
scrumlr.io/server/realtime/redis.go:117.10,117.10 0 1
scrumlr.io/server/realtime/redis.go:120.2,121.12 2 1
scrumlr.io/server/realtime/redis.go:121.12,122.7 1 1
scrumlr.io/server/realtime/redis.go:122.7,123.11 1 1
scrumlr.io/server/realtime/redis.go:124.20,127.19 3 1
scrumlr.io/server/realtime/redis.go:127.19,129.6 1 1
scrumlr.io/server/realtime/redis.go:130.22,131.22 1 0
scrumlr.io/server/realtime/redis.go:135.2,135.24 1 1
scrumlr.io/server/database/board_session_requests.go:41.110,57.26 4 1
scrumlr.io/server/database/board_session_requests.go:57.27,59.3 0 0
scrumlr.io/server/database/board_session_requests.go:61.2,61.15 1 1
scrumlr.io/server/database/board_session_requests.go:64.83,66.2 1 0
scrumlr.io/server/database/board_session_requests.go:69.109,93.16 4 1
scrumlr.io/server/database/board_session_requests.go:93.16,95.3 1 1
scrumlr.io/server/database/board_session_requests.go:97.2,97.25 1 1
scrumlr.io/server/database/board_session_requests.go:97.25,99.3 1 0
scrumlr.io/server/database/board_session_requests.go:101.2,101.62 1 1
scrumlr.io/server/database/board_session_requests.go:101.62,108.17 2 1
scrumlr.io/server/database/board_session_requests.go:108.17,110.4 1 0
scrumlr.io/server/database/board_session_requests.go:112.2,112.15 1 1
scrumlr.io/server/database/board_session_requests.go:116.95,127.2 3 1
scrumlr.io/server/database/board_session_requests.go:130.135,136.31 3 1
scrumlr.io/server/database/board_session_requests.go:136.31,138.3 1 1
scrumlr.io/server/database/board_session_requests.go:139.2,144.22 2 1
scrumlr.io/server/database/board_session_requests_observer.go:22.69,23.34 1 1
scrumlr.io/server/database/board_session_requests_observer.go:23.34,25.3 1 1
scrumlr.io/server/database/board_session_requests_observer.go:26.2,27.25 2 1
scrumlr.io/server/database/board_session_requests_observer.go:27.25,31.20 3 1
scrumlr.io/server/database/board_session_requests_observer.go:32.17,34.40 2 1
scrumlr.io/server/database/board_session_requests_observer.go:34.40,35.61 1 1
scrumlr.io/server/database/board_session_requests_observer.go:35.61,38.6 2 1
scrumlr.io/server/database/board_session_requests_observer.go:40.17,42.40 2 1
scrumlr.io/server/database/board_session_requests_observer.go:42.40,43.61 1 1
scrumlr.io/server/database/board_session_requests_observer.go:43.61,46.6 2 1
scrumlr.io/server/database/board_session_requests_observer.go:50.2,50.12 1 0
scrumlr.io/server/database/board_sessions.go:52.88,55.27 3 0
scrumlr.io/server/database/board_sessions.go:55.27,58.3 2 0
scrumlr.io/server/database/board_sessions.go:59.2,60.23 2 0
scrumlr.io/server/database/board_sessions.go:60.23,63.3 2 0
scrumlr.io/server/database/board_sessions.go:64.2,65.28 2 0
scrumlr.io/server/database/board_sessions.go:65.28,68.3 2 0
scrumlr.io/server/database/board_sessions.go:69.2,70.22 2 0
scrumlr.io/server/database/board_sessions.go:70.22,72.3 1 0
scrumlr.io/server/database/board_sessions.go:73.2,73.15 1 0
scrumlr.io/server/database/board_sessions.go:76.94,77.49 1 1
scrumlr.io/server/database/board_sessions.go:77.49,79.3 1 1
scrumlr.io/server/database/board_sessions.go:81.2,100.15 4 1
scrumlr.io/server/database/board_sessions.go:103.88,105.29 2 1
scrumlr.io/server/database/board_sessions.go:105.29,107.3 1 1
scrumlr.io/server/database/board_sessions.go:108.2,108.25 1 1
scrumlr.io/server/database/board_sessions.go:108.25,110.3 1 1
scrumlr.io/server/database/board_sessions.go:111.2,111.37 1 1
scrumlr.io/server/database/board_sessions.go:111.37,113.3 1 0
scrumlr.io/server/database/board_sessions.go:114.2,114.30 1 1
scrumlr.io/server/database/board_sessions.go:114.30,116.3 1 1
scrumlr.io/server/database/board_sessions.go:117.2,117.24 1 1
scrumlr.io/server/database/board_sessions.go:117.24,119.45 2 1
scrumlr.io/server/database/board_sessions.go:119.45,121.4 1 1
scrumlr.io/server/database/board_sessions.go:123.2,123.26 1 1
scrumlr.io/server/database/board_sessions.go:123.26,125.3 1 1
scrumlr.io/server/database/board_sessions.go:127.2,145.21 4 1
scrumlr.io/server/database/board_sessions.go:148.91,150.25 2 1
scrumlr.io/server/database/board_sessions.go:150.25,152.3 1 1
scrumlr.io/server/database/board_sessions.go:153.2,153.30 1 1
scrumlr.io/server/database/board_sessions.go:153.30,155.3 1 1
scrumlr.io/server/database/board_sessions.go:157.2,171.38 4 1
scrumlr.io/server/database/board_sessions.go:171.38,172.52 1 1
scrumlr.io/server/database/board_sessions.go:172.52,174.4 1 1
scrumlr.io/server/database/board_sessions.go:177.2,177.22 1 1
scrumlr.io/server/database/board_sessions.go:180.76,182.2 1 1
scrumlr.io/server/database/board_sessions.go:184.85,186.2 1 1
scrumlr.io/server/database/board_sessions.go:188.75,190.2 1 0
scrumlr.io/server/database/board_sessions.go:192.81,202.2 3 1
scrumlr.io/server/database/board_sessions.go:204.115,211.21 2 1
scrumlr.io/server/database/board_sessions.go:211.21,213.21 2 1
scrumlr.io/server/database/board_sessions.go:213.21,215.4 1 1
scrumlr.io/server/database/board_sessions.go:216.3,216.26 1 1
scrumlr.io/server/database/board_sessions.go:216.26,218.4 1 1
scrumlr.io/server/database/board_sessions.go:219.3,219.25 1 1
scrumlr.io/server/database/board_sessions.go:219.25,221.4 1 1
scrumlr.io/server/database/board_sessions.go:222.3,222.20 1 1
scrumlr.io/server/database/board_sessions.go:222.20,224.4 1 1
scrumlr.io/server/database/board_sessions.go:227.2,229.22 3 1
scrumlr.io/server/database/board_sessions_observer.go:25.62,26.34 1 1
scrumlr.io/server/database/board_sessions_observer.go:26.34,28.3 1 1
scrumlr.io/server/database/board_sessions_observer.go:29.2,30.25 2 1
scrumlr.io/server/database/board_sessions_observer.go:30.25,33.20 3 1
scrumlr.io/server/database/board_sessions_observer.go:34.17,36.40 2 1
scrumlr.io/server/database/board_sessions_observer.go:36.40,37.54 1 1
scrumlr.io/server/database/board_sessions_observer.go:37.54,40.6 2 1
scrumlr.io/server/database/board_sessions_observer.go:42.17,44.40 2 1
scrumlr.io/server/database/board_sessions_observer.go:44.40,45.54 1 1
scrumlr.io/server/database/board_sessions_observer.go:45.54,48.6 2 1
scrumlr.io/server/database/board_sessions_observer.go:52.2,52.12 1 1
scrumlr.io/server/database/board_sessions_observer.go:55.79,56.34 1 1
scrumlr.io/server/database/board_sessions_observer.go:56.34,58.3 1 0
scrumlr.io/server/database/board_sessions_observer.go:59.2,71.16 5 1
scrumlr.io/server/database/board_sessions_observer.go:71.16,73.3 1 0
scrumlr.io/server/database/board_sessions_observer.go:75.2,75.40 1 1
scrumlr.io/server/database/board_sessions_observer.go:75.40,77.17 2 1
scrumlr.io/server/database/board_sessions_observer.go:77.17,79.4 1 0
scrumlr.io/server/database/board_sessions_observer.go:81.3,81.39 1 1
scrumlr.io/server/database/board_sessions_observer.go:81.39,82.53 1 1
scrumlr.io/server/database/board_sessions_observer.go:82.53,85.5 2 1
scrumlr.io/server/database/board_sessions_observer.go:89.2,89.12 1 1
scrumlr.io/server/database/boards.go:66.109,69.108 2 1
scrumlr.io/server/database/boards.go:69.108,71.3 1 0
scrumlr.io/server/database/boards.go:71.8,71.115 1 1
scrumlr.io/server/database/boards.go:71.115,73.3 1 1
scrumlr.io/server/database/boards.go:75.2,79.22 4 1
scrumlr.io/server/database/boards.go:79.22,80.30 1 1
scrumlr.io/server/database/boards.go:80.30,83.4 2 1
scrumlr.io/server/database/boards.go:85.3,87.56 1 1
scrumlr.io/server/database/boards.go:89.2,97.15 2 1
scrumlr.io/server/database/boards.go:100.77,104.2 3 0
scrumlr.io/server/database/boards.go:106.67,109.24 2 1
scrumlr.io/server/database/boards.go:109.24,111.3 1 1
scrumlr.io/server/database/boards.go:112.2,112.32 1 1
scrumlr.io/server/database/boards.go:112.32,113.113 1 1
scrumlr.io/server/database/boards.go:113.113,115.4 1 1
scrumlr.io/server/database/boards.go:115.9,115.120 1 1
scrumlr.io/server/database/boards.go:115.120,117.4 1 1
scrumlr.io/server/database/boards.go:119.3,119.57 1 1
scrumlr.io/server/database/boards.go:119.57,121.4 1 1
scrumlr.io/server/database/boards.go:121.9,123.4 1 1
scrumlr.io/server/database/boards.go:125.3,125.54 1 1
scrumlr.io/server/database/boards.go:127.2,127.31 1 1
scrumlr.io/server/database/boards.go:127.31,129.3 1 1
scrumlr.io/server/database/boards.go:130.2,130.41 1 1
scrumlr.io/server/database/boards.go:130.41,132.3 1 1
scrumlr.io/server/database/boards.go:133.2,133.37 1 1
scrumlr.io/server/database/boards.go:133.37,135.3 1 0
scrumlr.io/server/database/boards.go:136.2,136.33 1 1
scrumlr.io/server/database/boards.go:136.33,138.3 1 0
scrumlr.io/server/database/boards.go:139.2,139.32 1 1
scrumlr.io/server/database/boards.go:139.32,141.3 1 1
scrumlr.io/server/database/boards.go:143.2,145.29 3 1
scrumlr.io/server/database/boards.go:145.29,160.3 2 0
scrumlr.io/server/database/boards.go:160.8,165.3 1 1
scrumlr.io/server/database/boards.go:167.2,167.19 1 1
scrumlr.io/server/database/boards.go:171.52,174.2 2 1
scrumlr.io/server/database/boards.go:176.58,180.2 3 1
scrumlr.io/server/database/boards.go:182.65,190.16 3 1
scrumlr.io/server/database/boards.go:190.16,192.3 1 0
scrumlr.io/server/database/boards.go:193.2,193.20 1 1
scrumlr.io/server/database/boards.go:196.92,203.16 6 0
scrumlr.io/server/database/boards.go:203.16,205.3 1 0
scrumlr.io/server/database/boards.go:206.2,207.16 2 0
scrumlr.io/server/database/boards.go:207.16,209.3 1 0
scrumlr.io/server/database/boards.go:211.2,212.16 2 0
scrumlr.io/server/database/boards.go:212.16,214.3 1 0
scrumlr.io/server/database/boards.go:216.2,216.38 1 0
scrumlr.io/server/database/boards_observer.go:26.80,27.34 1 1
scrumlr.io/server/database/boards_observer.go:27.34,29.3 1 0
scrumlr.io/server/database/boards_observer.go:30.2,31.25 2 1
scrumlr.io/server/database/boards_observer.go:31.25,33.39 2 1
scrumlr.io/server/database/boards_observer.go:33.39,34.45 1 1
scrumlr.io/server/database/boards_observer.go:34.45,37.5 2 1
scrumlr.io/server/database/boards_observer.go:40.2,40.12 1 0
scrumlr.io/server/database/boards_observer.go:43.85,44.34 1 0
scrumlr.io/server/database/boards_observer.go:44.34,46.3 1 0
scrumlr.io/server/database/boards_observer.go:47.2,48.25 2 0
scrumlr.io/server/database/boards_observer.go:48.25,50.39 2 0
scrumlr.io/server/database/boards_observer.go:50.39,51.45 1 0
scrumlr.io/server/database/boards_observer.go:51.45,54.5 2 0
scrumlr.io/server/database/boards_observer.go:57.2,57.12 1 0
scrumlr.io/server/database/boards_observer.go:60.74,61.34 1 1
scrumlr.io/server/database/boards_observer.go:61.34,63.3 1 0
scrumlr.io/server/database/boards_observer.go:64.2,65.25 2 1
scrumlr.io/server/database/boards_observer.go:65.25,67.39 2 1
scrumlr.io/server/database/boards_observer.go:67.39,68.45 1 1
scrumlr.io/server/database/boards_observer.go:68.45,71.5 2 1
scrumlr.io/server/database/boards_observer.go:74.2,74.12 1 0
scrumlr.io/server/database/columns.go:47.70,51.25 3 1
scrumlr.io/server/database/columns.go:51.25,52.24 1 1
scrumlr.io/server/database/columns.go:52.24,54.4 1 1
scrumlr.io/server/database/columns.go:54.9,56.4 1 1
scrumlr.io/server/database/columns.go:59.2,60.25 2 1
scrumlr.io/server/database/columns.go:60.25,63.3 2 1
scrumlr.io/server/database/columns.go:65.2,73.15 3 1
scrumlr.io/server/database/columns.go:77.70,79.22 2 1
scrumlr.io/server/database/columns.go:79.22,81.3 1 0
scrumlr.io/server/database/columns.go:83.2,114.15 7 1
scrumlr.io/server/database/columns.go:118.70,139.2 6 1
scrumlr.io/server/database/columns.go:142.67,146.2 3 1
scrumlr.io/server/database/columns.go:149.66,153.2 3 1
scrumlr.io/server/database/columns_observer.go:22.81,24.2 1 1
scrumlr.io/server/database/columns_observer.go:26.81,28.2 1 1
scrumlr.io/server/database/columns_observer.go:30.75,32.22 2 1
scrumlr.io/server/database/columns_observer.go:32.22,34.3 1 1
scrumlr.io/server/database/columns_observer.go:35.2,35.12 1 1
scrumlr.io/server/database/columns_observer.go:38.54,39.34 1 1
scrumlr.io/server/database/columns_observer.go:39.34,41.3 1 0
scrumlr.io/server/database/columns_observer.go:42.2,43.25 2 1
scrumlr.io/server/database/columns_observer.go:43.25,46.17 3 1
scrumlr.io/server/database/columns_observer.go:46.17,48.4 1 0
scrumlr.io/server/database/columns_observer.go:49.3,49.39 1 1
scrumlr.io/server/database/columns_observer.go:49.39,50.47 1 1
scrumlr.io/server/database/columns_observer.go:50.47,53.5 2 1
scrumlr.io/server/database/columns_observer.go:56.2,56.12 1 0
scrumlr.io/server/database/columns_observer.go:59.53,60.34 1 1
scrumlr.io/server/database/columns_observer.go:60.34,62.3 1 0
scrumlr.io/server/database/columns_observer.go:63.2,64.25 2 1
scrumlr.io/server/database/columns_observer.go:64.25,70.17 6 1
scrumlr.io/server/database/columns_observer.go:70.17,72.4 1 0
scrumlr.io/server/database/columns_observer.go:73.3,73.39 1 1
scrumlr.io/server/database/columns_observer.go:73.39,74.47 1 1
scrumlr.io/server/database/columns_observer.go:74.47,77.5 2 1
scrumlr.io/server/database/columns_observer.go:80.2,80.12 1 0
scrumlr.io/server/database/database.go:20.46,30.13 7 1
scrumlr.io/server/database/database.go:30.13,32.3 1 1
scrumlr.io/server/database/database.go:34.2,34.10 1 1
scrumlr.io/server/database/database.go:37.140,49.16 11 0
scrumlr.io/server/database/database.go:49.16,51.3 1 0
scrumlr.io/server/database/database.go:53.2,54.16 2 0
scrumlr.io/server/database/database.go:54.16,56.3 1 0
scrumlr.io/server/database/database.go:58.2,59.16 2 0
scrumlr.io/server/database/database.go:59.16,61.3 1 0
scrumlr.io/server/database/database.go:63.2,64.16 2 0
scrumlr.io/server/database/database.go:64.16,66.3 1 0
scrumlr.io/server/database/database.go:68.2,69.16 2 0
scrumlr.io/server/database/database.go:69.16,71.3 1 0
scrumlr.io/server/database/database.go:73.2,74.16 2 0
scrumlr.io/server/database/database.go:74.16,76.3 1 0
scrumlr.io/server/database/database.go:78.2,79.16 2 0
scrumlr.io/server/database/database.go:79.16,81.3 1 0
scrumlr.io/server/database/database.go:83.2,83.82 1 0
scrumlr.io/server/database/database_observer.go:10.54,12.2 1 1
scrumlr.io/server/database/database_observer.go:14.68,15.31 1 1
scrumlr.io/server/database/database_observer.go:15.31,16.20 1 1
scrumlr.io/server/database/database_observer.go:16.20,19.4 2 1
scrumlr.io/server/database/database_observer.go:21.2,21.58 1 1
scrumlr.io/server/database/health.go:5.37,8.16 3 0
scrumlr.io/server/database/health.go:8.16,10.3 1 0
scrumlr.io/server/database/health.go:11.2,11.13 1 0
scrumlr.io/server/database/notes.go:48.64,56.2 3 1
scrumlr.io/server/database/notes.go:58.56,62.2 3 1
scrumlr.io/server/database/notes.go:64.84,67.22 3 1
scrumlr.io/server/database/notes.go:67.22,69.3 1 1
scrumlr.io/server/database/notes.go:70.2,71.19 2 1
scrumlr.io/server/database/notes.go:74.82,89.16 6 1
scrumlr.io/server/database/notes.go:89.16,91.3 1 0
scrumlr.io/server/database/notes.go:93.2,94.50 2 1
scrumlr.io/server/database/notes.go:94.50,95.146 1 1
scrumlr.io/server/database/notes.go:95.146,97.4 1 1
scrumlr.io/server/database/notes.go:97.9,99.4 1 0
scrumlr.io/server/database/notes.go:100.8,100.35 1 1
scrumlr.io/server/database/notes.go:100.35,101.119 1 1
scrumlr.io/server/database/notes.go:101.119,103.4 1 0
scrumlr.io/server/database/notes.go:105.3,105.77 1 1
scrumlr.io/server/database/notes.go:105.77,107.4 1 0
scrumlr.io/server/database/notes.go:109.3,109.145 1 1
scrumlr.io/server/database/notes.go:109.145,110.36 1 1
scrumlr.io/server/database/notes.go:110.36,112.5 1 1
scrumlr.io/server/database/notes.go:112.10,114.5 1 1
scrumlr.io/server/database/notes.go:115.9,117.4 1 0
scrumlr.io/server/database/notes.go:120.2,120.18 1 1
scrumlr.io/server/database/notes.go:123.68,126.16 3 1
scrumlr.io/server/database/notes.go:126.16,128.3 1 0
scrumlr.io/server/database/notes.go:129.2,129.18 1 1
scrumlr.io/server/database/notes.go:132.76,134.30 2 1
scrumlr.io/server/database/notes.go:134.30,136.3 1 1
scrumlr.io/server/database/notes.go:139.2,173.24 11 1
scrumlr.io/server/database/notes.go:173.24,175.3 1 0
scrumlr.io/server/database/notes.go:177.2,179.21 3 1
scrumlr.io/server/database/notes.go:182.73,184.30 2 1
scrumlr.io/server/database/notes.go:184.30,186.3 1 1
scrumlr.io/server/database/notes.go:189.2,231.65 8 1
scrumlr.io/server/database/notes.go:231.65,233.66 1 1
scrumlr.io/server/database/notes.go:233.66,237.6 1 1
scrumlr.io/server/database/notes.go:238.66,242.6 1 1
scrumlr.io/server/database/notes.go:246.2,295.24 5 1
scrumlr.io/server/database/notes.go:295.24,297.3 1 0
scrumlr.io/server/database/notes.go:299.2,301.21 3 1
scrumlr.io/server/database/notes.go:304.104,317.16 5 1
scrumlr.io/server/database/notes.go:317.16,319.3 1 0
scrumlr.io/server/database/notes.go:321.2,321.145 1 1
scrumlr.io/server/database/notes.go:321.145,337.66 4 1
scrumlr.io/server/database/notes.go:337.66,340.68 1 1
scrumlr.io/server/database/notes.go:340.68,342.69 1 1
scrumlr.io/server/database/notes.go:342.69,348.9 1 1
scrumlr.io/server/database/notes.go:349.69,354.9 1 1
scrumlr.io/server/database/notes.go:355.69,359.9 1 1
scrumlr.io/server/database/notes.go:363.3,365.18 2 1
scrumlr.io/server/database/notes.go:365.18,373.4 2 1
scrumlr.io/server/database/notes.go:375.3,399.13 5 1
scrumlr.io/server/database/notes.go:401.2,401.51 1 0
scrumlr.io/server/database/notes_observer.go:25.79,27.2 1 1
scrumlr.io/server/database/notes_observer.go:29.79,31.2 1 1
scrumlr.io/server/database/notes_observer.go:33.73,35.22 2 1
scrumlr.io/server/database/notes_observer.go:35.22,37.3 1 1
scrumlr.io/server/database/notes_observer.go:38.2,38.12 1 1
scrumlr.io/server/database/notes_observer.go:41.52,42.34 1 1
scrumlr.io/server/database/notes_observer.go:42.34,44.3 1 0
scrumlr.io/server/database/notes_observer.go:45.2,46.25 2 1
scrumlr.io/server/database/notes_observer.go:46.25,49.17 3 1
scrumlr.io/server/database/notes_observer.go:49.17,51.4 1 0
scrumlr.io/server/database/notes_observer.go:52.3,52.39 1 1
scrumlr.io/server/database/notes_observer.go:52.39,53.45 1 1
scrumlr.io/server/database/notes_observer.go:53.45,56.5 2 1
scrumlr.io/server/database/notes_observer.go:59.2,59.12 1 1
scrumlr.io/server/database/notes_observer.go:62.51,63.34 1 1
scrumlr.io/server/database/notes_observer.go:63.34,65.3 1 0
scrumlr.io/server/database/notes_observer.go:66.2,67.25 2 1
scrumlr.io/server/database/notes_observer.go:67.25,73.17 6 1
scrumlr.io/server/database/notes_observer.go:73.17,75.4 1 0
scrumlr.io/server/database/notes_observer.go:76.3,76.39 1 1
scrumlr.io/server/database/notes_observer.go:76.39,77.45 1 1
scrumlr.io/server/database/notes_observer.go:77.45,80.5 2 1
scrumlr.io/server/database/notes_observer.go:83.2,83.12 1 0
scrumlr.io/server/database/reactions.go:33.64,41.2 3 1
scrumlr.io/server/database/reactions.go:46.70,55.2 3 1
scrumlr.io/server/database/reactions.go:58.76,67.2 3 1
scrumlr.io/server/database/reactions.go:70.93,72.16 2 1
scrumlr.io/server/database/reactions.go:72.16,74.3 1 0
scrumlr.io/server/database/reactions.go:76.2,76.41 1 1
scrumlr.io/server/database/reactions.go:76.41,77.28 1 1
scrumlr.io/server/database/reactions.go:77.28,79.4 1 1
scrumlr.io/server/database/reactions.go:82.2,88.22 3 1
scrumlr.io/server/database/reactions.go:92.68,94.16 2 1
scrumlr.io/server/database/reactions.go:94.16,96.3 1 0
scrumlr.io/server/database/reactions.go:97.2,97.20 1 1
scrumlr.io/server/database/reactions.go:97.20,99.3 1 1
scrumlr.io/server/database/reactions.go:100.2,105.12 2 1
scrumlr.io/server/database/reactions.go:109.103,111.16 2 1
scrumlr.io/server/database/reactions.go:111.16,113.3 1 0
scrumlr.io/server/database/reactions.go:114.2,114.20 1 1
scrumlr.io/server/database/reactions.go:114.20,116.3 1 1
scrumlr.io/server/database/reactions.go:118.2,127.22 3 1
scrumlr.io/server/database/reactions_observer.go:26.77,28.2 1 1
scrumlr.io/server/database/reactions_observer.go:30.55,31.34 1 1
scrumlr.io/server/database/reactions_observer.go:31.34,33.3 1 0
scrumlr.io/server/database/reactions_observer.go:34.2,36.25 2 1
scrumlr.io/server/database/reactions_observer.go:36.25,40.39 3 1
scrumlr.io/server/database/reactions_observer.go:40.39,41.49 1 1
scrumlr.io/server/database/reactions_observer.go:41.49,44.5 2 0
scrumlr.io/server/database/reactions_observer.go:48.2,48.12 1 1
scrumlr.io/server/database/users.go:42.67,43.47 1 1
scrumlr.io/server/database/users.go:43.47,45.3 1 1
scrumlr.io/server/database/users.go:46.2,49.18 4 1
scrumlr.io/server/database/users.go:52.79,54.2 1 0
scrumlr.io/server/database/users.go:56.79,58.2 1 0
scrumlr.io/server/database/users.go:60.82,62.2 1 0
scrumlr.io/server/database/users.go:64.80,66.2 1 0
scrumlr.io/server/database/users.go:68.78,70.2 1 0
scrumlr.io/server/database/users.go:72.126,73.47 1 0
scrumlr.io/server/database/users.go:73.47,75.3 1 0
scrumlr.io/server/database/users.go:77.2,99.18 10 0
scrumlr.io/server/database/users.go:103.56,107.2 3 1
scrumlr.io/server/database/users.go:109.64,116.16 2 0
scrumlr.io/server/database/users.go:116.16,118.3 1 0
scrumlr.io/server/database/users.go:119.2,119.23 1 0
scrumlr.io/server/database/users.go:122.79,130.16 2 0
scrumlr.io/server/database/users.go:130.16,132.3 1 0
scrumlr.io/server/database/users.go:133.2,133.23 1 0
scrumlr.io/server/database/users.go:136.64,145.2 3 0
scrumlr.io/server/database/users.go:147.64,148.54 1 1
scrumlr.io/server/database/users.go:148.54,150.3 1 0
scrumlr.io/server/database/users.go:151.2,158.18 4 1
scrumlr.io/server/database/users.go:161.42,162.35 1 1
scrumlr.io/server/database/users.go:162.35,164.3 1 1
scrumlr.io/server/database/users.go:165.2,165.34 1 1
scrumlr.io/server/database/users.go:165.34,167.3 1 1
scrumlr.io/server/database/users.go:168.2,168.12 1 1
scrumlr.io/server/database/votes.go:22.71,47.65 4 1
scrumlr.io/server/database/votes.go:47.65,50.66 1 1
scrumlr.io/server/database/votes.go:50.66,54.6 1 1
scrumlr.io/server/database/votes.go:58.2,71.20 4 1
scrumlr.io/server/database/votes.go:75.66,88.2 5 1
scrumlr.io/server/database/votes.go:91.66,94.21 2 1
scrumlr.io/server/database/votes.go:94.21,96.3 1 1
scrumlr.io/server/database/votes.go:97.2,97.19 1 1
scrumlr.io/server/database/votes.go:97.19,99.3 1 0
scrumlr.io/server/database/votes.go:100.2,100.19 1 1
scrumlr.io/server/database/votes.go:100.19,102.3 1 0
scrumlr.io/server/database/votes.go:104.2,107.19 3 1
scrumlr.io/server/database/votings.go:42.70,43.45 1 1
scrumlr.io/server/database/votings.go:43.45,45.3 1 0
scrumlr.io/server/database/votings.go:47.2,47.26 1 1
scrumlr.io/server/database/votings.go:47.26,49.3 1 1
scrumlr.io/server/database/votings.go:49.8,49.36 1 1
scrumlr.io/server/database/votings.go:49.36,51.3 1 1
scrumlr.io/server/database/votings.go:53.2,74.20 6 1
scrumlr.io/server/database/votings.go:77.70,78.45 1 1
scrumlr.io/server/database/votings.go:78.45,80.3 1 1
scrumlr.io/server/database/votings.go:82.2,92.47 4 1
scrumlr.io/server/database/votings.go:92.47,102.3 2 1
scrumlr.io/server/database/votings.go:104.2,104.20 1 1
scrumlr.io/server/database/votings.go:107.91,126.2 3 1
scrumlr.io/server/database/votings.go:128.75,132.47 3 1
scrumlr.io/server/database/votings.go:132.47,135.3 2 1
scrumlr.io/server/database/votings.go:137.2,137.30 1 1
scrumlr.io/server/database/votings.go:140.74,148.16 3 1
scrumlr.io/server/database/votings.go:148.16,150.3 1 0
scrumlr.io/server/database/votings.go:152.2,153.28 2 1
scrumlr.io/server/database/votings_observer.go:22.81,23.34 1 1
scrumlr.io/server/database/votings_observer.go:23.34,25.3 1 0
scrumlr.io/server/database/votings_observer.go:26.2,27.25 2 1
scrumlr.io/server/database/votings_observer.go:27.25,29.39 2 1
scrumlr.io/server/database/votings_observer.go:29.39,30.46 1 1
scrumlr.io/server/database/votings_observer.go:30.46,33.5 2 1
scrumlr.io/server/database/votings_observer.go:36.2,36.12 1 0
scrumlr.io/server/database/votings_observer.go:39.56,40.34 1 1
scrumlr.io/server/database/votings_observer.go:40.34,42.3 1 1
scrumlr.io/server/database/votings_observer.go:43.2,44.25 2 1
scrumlr.io/server/database/votings_observer.go:44.25,46.39 2 1
scrumlr.io/server/database/votings_observer.go:46.39,47.46 1 1
scrumlr.io/server/database/votings_observer.go:47.46,50.5 2 1
scrumlr.io/server/database/votings_observer.go:53.2,53.12 1 0
